<?xml version="1.0" encoding="UTF-8"?>
<testsuite xmlns:xsi="http://www.w3.org/2001/XMLSchema-instance" xsi:noNamespaceSchemaLocation="https://maven.apache.org/surefire/maven-surefire-plugin/xsd/surefire-test-report-3.0.xsd" version="3.0" name="web.mvc.SpringSecurityJwtApplicationTests" time="10.798" tests="2" errors="0" skipped="0" failures="0">
  <properties>
[...]
</properties>
  <testcase name="boardInsert" classname="web.mvc.SpringSecurityJwtApplicationTests" time="0.917">
    <system-out><![CDATA[15:47:48.756 [main] INFO org.springframework.test.context.support.AnnotationConfigContextLoaderUtils -- Could not detect default configuration classes for test class [web.mvc.SpringSecurityJwtApplicationTests]: SpringSecurityJwtApplicationTests does not declare any static, non-private, non-final, nested classes annotated with @Configuration.
15:47:48.923 [main] INFO org.springframework.boot.test.context.SpringBootTestContextBootstrapper -- Found @SpringBootConfiguration web.mvc.Step03SecurityJwtApplication for test class web.mvc.SpringSecurityJwtApplicationTests
15:47:49.267 [main] INFO org.springframework.boot.devtools.restart.RestartApplicationListener -- Restart disabled due to context in which it is running
  .   ____          _            __ _ _
 /\\ / ___'_ __ _ _(_)_ __  __ _ \ \ \ \
( ( )\___ | '_ | '_| | '_ \/ _` | \ \ \ \
 \\/  ___)| |_)| | | | | || (_| |  ) ) ) )
  '  |____| .__|_| |_|_| |_\__, | / / / /
 =========|_|==============|___/=/_/_/_/

 :: Spring Boot ::                (v3.3.0)

2025-12-09T15:47:49.764+09:00  INFO 5924 --- [step03_Security_JWT] [           main] w.mvc.SpringSecurityJwtApplicationTests  : Starting SpringSecurityJwtApplicationTests using Java 17.0.16 with PID 5924 (started by KOSTA in C:\Edu\CI_CD_GitActions\work\back_security_final)
2025-12-09T15:47:49.768+09:00  INFO 5924 --- [step03_Security_JWT] [           main] w.mvc.SpringSecurityJwtApplicationTests  : The following 1 profile is active: "dev"
2025-12-09T15:47:51.127+09:00  INFO 5924 --- [step03_Security_JWT] [           main] .s.d.r.c.RepositoryConfigurationDelegate : Bootstrapping Spring Data JPA repositories in DEFAULT mode.
2025-12-09T15:47:51.246+09:00  INFO 5924 --- [step03_Security_JWT] [           main] .s.d.r.c.RepositoryConfigurationDelegate : Finished Spring Data repository scanning in 98 ms. Found 2 JPA repository interfaces.
2025-12-09T15:47:52.078+09:00  INFO 5924 --- [step03_Security_JWT] [           main] o.hibernate.jpa.internal.util.LogHelper  : HHH000204: Processing PersistenceUnitInfo [name: default]
2025-12-09T15:47:52.198+09:00  INFO 5924 --- [step03_Security_JWT] [           main] org.hibernate.Version                    : HHH000412: Hibernate ORM core version 6.5.2.Final
2025-12-09T15:47:52.277+09:00  INFO 5924 --- [step03_Security_JWT] [           main] o.h.c.internal.RegionFactoryInitiator    : HHH000026: Second-level cache disabled
2025-12-09T15:47:52.922+09:00  INFO 5924 --- [step03_Security_JWT] [           main] o.s.o.j.p.SpringPersistenceUnitInfo      : No LoadTimeWeaver setup: ignoring JPA class transformer
2025-12-09T15:47:52.963+09:00  INFO 5924 --- [step03_Security_JWT] [           main] com.zaxxer.hikari.HikariDataSource       : HikariPool-1 - Starting...
2025-12-09T15:47:53.472+09:00  INFO 5924 --- [step03_Security_JWT] [           main] com.zaxxer.hikari.pool.HikariPool        : HikariPool-1 - Added connection com.mysql.cj.jdbc.ConnectionImpl@3c9f4376
2025-12-09T15:47:53.477+09:00  INFO 5924 --- [step03_Security_JWT] [           main] com.zaxxer.hikari.HikariDataSource       : HikariPool-1 - Start completed.
2025-12-09T15:47:53.554+09:00  WARN 5924 --- [step03_Security_JWT] [           main] org.hibernate.orm.deprecation            : HHH90000025: MySQL8Dialect does not need to be specified explicitly using 'hibernate.dialect' (remove the property setting and it will be selected by default)
2025-12-09T15:47:53.555+09:00  WARN 5924 --- [step03_Security_JWT] [           main] org.hibernate.orm.deprecation            : HHH90000026: MySQL8Dialect has been deprecated; use org.hibernate.dialect.MySQLDialect instead
2025-12-09T15:47:55.282+09:00  INFO 5924 --- [step03_Security_JWT] [           main] o.h.e.t.j.p.i.JtaPlatformInitiator       : HHH000489: No JTA platform available (set 'hibernate.transaction.jta.platform' to enable JTA platform integration)
2025-12-09T15:47:55.288+09:00  INFO 5924 --- [step03_Security_JWT] [           main] j.LocalContainerEntityManagerFactoryBean : Initialized JPA EntityManagerFactory for persistence unit 'default'
2025-12-09T15:47:55.811+09:00  INFO 5924 --- [step03_Security_JWT] [           main] o.s.d.j.r.query.QueryEnhancerFactory     : Hibernate is in classpath; If applicable, HQL parser will be used.
2025-12-09T15:47:56.612+09:00  INFO 5924 --- [step03_Security_JWT] [           main] web.mvc.config.SecurityConfig            : bCryptPasswordEncoder call.....
2025-12-09T15:47:56.684+09:00  WARN 5924 --- [step03_Security_JWT] [           main] JpaBaseConfiguration$JpaWebConfiguration : spring.jpa.open-in-view is enabled by default. Therefore, database queries may be performed during view rendering. Explicitly configure spring.jpa.open-in-view to disable this warning
2025-12-09T15:47:56.729+09:00  INFO 5924 --- [step03_Security_JWT] [           main] r$InitializeUserDetailsManagerConfigurer : Global AuthenticationManager configured with UserDetailsService bean with name customMemberDetailsService
2025-12-09T15:47:57.296+09:00  INFO 5924 --- [step03_Security_JWT] [           main] web.mvc.config.SecurityConfig            : SecurityFilterChain filterChain(HttpSecurity http) call.....
2025-12-09T15:47:57.392+09:00  INFO 5924 --- [step03_Security_JWT] [           main] o.s.s.web.DefaultSecurityFilterChain     : Will secure any request with [org.springframework.security.web.session.DisableEncodeUrlFilter@cc41d2d, org.springframework.security.web.context.request.async.WebAsyncManagerIntegrationFilter@4c343088, org.springframework.security.web.context.SecurityContextHolderFilter@11f81488, org.springframework.security.web.header.HeaderWriterFilter@567412db, org.springframework.web.filter.CorsFilter@504ccf42, org.springframework.security.web.authentication.logout.LogoutFilter@6da53709, web.mvc.jwt.JWTFilter@42130a5c, web.mvc.jwt.LoginFilter@6e925a46, org.springframework.security.web.savedrequest.RequestCacheAwareFilter@60eacbbf, org.springframework.security.web.servletapi.SecurityContextHolderAwareRequestFilter@676beb9f, org.springframework.security.web.authentication.AnonymousAuthenticationFilter@34f876c, org.springframework.security.web.session.SessionManagementFilter@2d3bb293, org.springframework.security.web.access.ExceptionTranslationFilter@38159192, org.springframework.security.web.access.intercept.AuthorizationFilter@689504b1]
2025-12-09T15:47:58.329+09:00  INFO 5924 --- [step03_Security_JWT] [           main] w.mvc.SpringSecurityJwtApplicationTests  : Started SpringSecurityJwtApplicationTests in 9.092 seconds (process running for 10.634)
Hibernate: 
    select
        m1_0.member_no 
    from
        member m1_0 
    where
        m1_0.id=? 
    limit
        ?
]]></system-out>
  </testcase>
  <testcase name="memberInsert" classname="web.mvc.SpringSecurityJwtApplicationTests" time="0.04">
    <system-out><![CDATA[Hibernate: 
    select
        m1_0.member_no 
    from
        member m1_0 
    where
        m1_0.id=? 
    limit
        ?
]]></system-out>
  </testcase>
</testsuite>