<?xml version="1.0" encoding="UTF-8"?>
<testsuite xmlns:xsi="http://www.w3.org/2001/XMLSchema-instance" xsi:noNamespaceSchemaLocation="https://maven.apache.org/surefire/maven-surefire-plugin/xsd/surefire-test-report-3.0.xsd" version="3.0" name="web.mvc.Step03SecurityJwtApplicationTests" time="0.017" tests="1" errors="0" skipped="0" failures="0">
  <properties>
[...]
</properties>
  <testcase name="contextLoads" classname="web.mvc.Step03SecurityJwtApplicationTests" time="0.006">
    <system-out><![CDATA[2025-12-09T15:47:59.328+09:00  INFO 5924 --- [step03_Security_JWT] [           main] t.c.s.AnnotationConfigContextLoaderUtils : Could not detect default configuration classes for test class [web.mvc.Step03SecurityJwtApplicationTests]: Step03SecurityJwtApplicationTests does not declare any static, non-private, non-final, nested classes annotated with @Configuration.
2025-12-09T15:47:59.331+09:00  INFO 5924 --- [step03_Security_JWT] [           main] .b.t.c.SpringBootTestContextBootstrapper : Found @SpringBootConfiguration web.mvc.Step03SecurityJwtApplication for test class web.mvc.Step03SecurityJwtApplicationTests
]]></system-out>
  </testcase>
</testsuite>